2020-07-23 13:49:08,312 [Worker-1: Loading available Gradle versions] INFO  o.e.b.c.i.u.g.PublishedGradleVersions - Gradle version information cache is up-to-date. Trying to read.
2020-07-23 13:49:51,832 [Worker-3: Creating maven-archetype-quickstart] INFO  o.e.m.c.i.p.ProjectConfigurationManager - Collecting project info '/pom.xml' F:\work\workSpace\gitExercise\exercise01\pom.xml
2020-07-23 13:49:52,788 [Worker-3: Creating maven-archetype-quickstart] INFO  o.e.m.c.i.l.LifecycleMappingFactory - Using org.eclipse.m2e.jdt.JarLifecycleMapping lifecycle mapping for MavenProject: com.wedcm:exercise01:0.0.1-SNAPSHOT @ F:\work\workSpace\gitExercise\exercise01\pom.xml.
2020-07-23 13:50:38,702 [Worker-4: Updating Maven Dependencies] INFO  o.e.m.c.i.l.LifecycleMappingFactory - Using org.eclipse.m2e.jdt.JarLifecycleMapping lifecycle mapping for MavenProject: com.wedcm:exercise01:0.0.1-SNAPSHOT @ F:\work\workSpace\gitExercise\exercise01\pom.xml.
2020-07-23 13:50:39,194 [Worker-11: Building workspace] INFO  o.e.m.c.i.embedder.EclipseLogger - Using 'UTF-8' encoding to copy filtered resources.
2020-07-23 13:50:39,195 [Worker-11: Building workspace] INFO  o.e.m.c.i.embedder.EclipseLogger - skip non existing resourceDirectory F:\work\workSpace\gitExercise\exercise01\src\main\resources
2020-07-23 13:50:39,197 [Worker-11: Building workspace] INFO  o.e.m.c.i.embedder.EclipseLogger - Using 'UTF-8' encoding to copy filtered resources.
2020-07-23 13:50:39,197 [Worker-11: Building workspace] INFO  o.e.m.c.i.embedder.EclipseLogger - skip non existing resourceDirectory F:\work\workSpace\gitExercise\exercise01\src\test\resources
2020-07-23 13:50:40,586 [Worker-11: Updating Maven Project] INFO  o.e.m.c.i.p.ProjectConfigurationManager - Update started
2020-07-23 13:50:40,772 [Worker-11: Updating Maven Project] INFO  o.e.m.c.i.l.LifecycleMappingFactory - Using org.eclipse.m2e.jdt.JarLifecycleMapping lifecycle mapping for MavenProject: com.wedcm:exercise01:0.0.1-SNAPSHOT @ F:\work\workSpace\gitExercise\exercise01\pom.xml.
2020-07-23 13:50:40,850 [Worker-11: Updating Maven Project] INFO  o.e.m.j.i.AbstractJavaProjectConfigurator - Adding source folder /exercise01/src/main/java
2020-07-23 13:50:40,854 [Worker-11: Updating Maven Project] INFO  o.e.m.j.i.AbstractJavaProjectConfigurator - Adding source folder /exercise01/src/test/java
2020-07-23 13:50:41,102 [Worker-11: Updating Maven Project] INFO  o.e.m.c.i.p.ProjectConfigurationManager - Update completed: 0 sec
2020-07-23 13:50:41,568 [Worker-22: Building workspace] INFO  o.e.m.c.i.embedder.EclipseLogger - Using 'UTF-8' encoding to copy filtered resources.
2020-07-23 13:50:41,569 [Worker-22: Building workspace] INFO  o.e.m.c.i.embedder.EclipseLogger - skip non existing resourceDirectory F:\work\workSpace\gitExercise\exercise01\src\main\resources
2020-07-23 13:50:41,570 [Worker-22: Building workspace] INFO  o.e.m.c.i.embedder.EclipseLogger - Using 'UTF-8' encoding to copy filtered resources.
2020-07-23 13:50:41,570 [Worker-22: Building workspace] INFO  o.e.m.c.i.embedder.EclipseLogger - skip non existing resourceDirectory F:\work\workSpace\gitExercise\exercise01\src\test\resources
2020-07-23 13:51:01,955 [Worker-8: Building workspace] INFO  o.e.m.c.i.l.LifecycleMappingFactory - Using org.eclipse.m2e.jdt.JarLifecycleMapping lifecycle mapping for MavenProject: com.wedcm:exercise01:0.0.1-SNAPSHOT @ F:\work\workSpace\gitExercise\exercise\pom.xml.
2020-07-23 13:51:02,488 [Worker-8: Building workspace] INFO  o.e.m.c.i.embedder.EclipseLogger - Using 'UTF-8' encoding to copy filtered resources.
2020-07-23 13:51:02,488 [Worker-8: Building workspace] INFO  o.e.m.c.i.embedder.EclipseLogger - skip non existing resourceDirectory F:\work\workSpace\gitExercise\exercise\src\main\resources
2020-07-23 13:51:02,489 [Worker-8: Building workspace] INFO  o.e.m.c.i.embedder.EclipseLogger - Using 'UTF-8' encoding to copy filtered resources.
2020-07-23 13:51:02,489 [Worker-8: Building workspace] INFO  o.e.m.c.i.embedder.EclipseLogger - skip non existing resourceDirectory F:\work\workSpace\gitExercise\exercise\src\test\resources
2020-07-23 13:51:03,591 [Worker-11: Building workspace] INFO  o.e.m.c.i.embedder.EclipseLogger - Using 'UTF-8' encoding to copy filtered resources.
2020-07-23 13:51:03,591 [Worker-11: Building workspace] INFO  o.e.m.c.i.embedder.EclipseLogger - skip non existing resourceDirectory F:\work\workSpace\gitExercise\exercise\src\main\resources
2020-07-23 13:51:03,592 [Worker-11: Building workspace] INFO  o.e.m.c.i.embedder.EclipseLogger - Using 'UTF-8' encoding to copy filtered resources.
2020-07-23 13:51:03,592 [Worker-11: Building workspace] INFO  o.e.m.c.i.embedder.EclipseLogger - skip non existing resourceDirectory F:\work\workSpace\gitExercise\exercise\src\test\resources
2020-07-23 13:51:43,050 [Worker-1: Building workspace] INFO  o.e.m.c.i.l.LifecycleMappingFactory - Using NULL lifecycle mapping for MavenProject: com.wedcm:exercise01:0.0.1-SNAPSHOT @ F:\work\workSpace\gitExercise\exercise\pom.xml.
2020-07-23 13:52:05,484 [Worker-16: Creating maven-archetype-quickstart] INFO  o.e.m.c.i.p.ProjectConfigurationManager - Collecting project info '/pom.xml' F:\work\workSpace\gitExercise\exercise\one\pom.xml
2020-07-23 13:52:05,777 [Worker-16: Creating maven-archetype-quickstart] INFO  o.e.m.c.i.l.LifecycleMappingFactory - Using org.eclipse.m2e.jdt.JarLifecycleMapping lifecycle mapping for MavenProject: com.wedcm:one:0.0.1-SNAPSHOT @ F:\work\workSpace\gitExercise\exercise\one\pom.xml.
2020-07-23 13:52:06,717 [Worker-16: Creating maven-archetype-quickstart] INFO  o.e.m.j.i.AbstractJavaProjectConfigurator - Adding source folder /one/src/main/java
2020-07-23 13:52:06,720 [Worker-16: Creating maven-archetype-quickstart] INFO  o.e.m.j.i.AbstractJavaProjectConfigurator - Adding source folder /one/src/test/java
2020-07-23 13:52:06,761 [Worker-16: Creating maven-archetype-quickstart] INFO  o.e.m.c.i.p.ProjectConfigurationManager - Imported and configured 1 project(s) in 1 sec
2020-07-23 13:52:07,029 [Worker-0: Building workspace] INFO  o.e.m.c.i.embedder.EclipseLogger - Using 'UTF-8' encoding to copy filtered resources.
2020-07-23 13:52:07,029 [Worker-0: Building workspace] INFO  o.e.m.c.i.embedder.EclipseLogger - skip non existing resourceDirectory F:\work\workSpace\gitExercise\exercise\one\src\main\resources
2020-07-23 13:52:07,031 [Worker-0: Building workspace] INFO  o.e.m.c.i.embedder.EclipseLogger - Using 'UTF-8' encoding to copy filtered resources.
2020-07-23 13:52:07,031 [Worker-0: Building workspace] INFO  o.e.m.c.i.embedder.EclipseLogger - skip non existing resourceDirectory F:\work\workSpace\gitExercise\exercise\one\src\test\resources
2020-07-23 13:52:08,076 [Worker-20: Building workspace] INFO  o.e.m.c.i.l.LifecycleMappingFactory - Using NULL lifecycle mapping for MavenProject: com.wedcm:exercise01:0.0.1-SNAPSHOT @ F:\work\workSpace\gitExercise\exercise\pom.xml.
2020-07-23 13:52:08,263 [Worker-20: Building workspace] INFO  o.e.m.c.i.l.LifecycleMappingFactory - Using org.eclipse.m2e.jdt.JarLifecycleMapping lifecycle mapping for MavenProject: com.wedcm:one:0.0.1-SNAPSHOT @ F:\work\workSpace\gitExercise\exercise\one\pom.xml.
2020-07-23 13:52:08,592 [Worker-20: Building workspace] INFO  o.e.m.c.i.embedder.EclipseLogger - Using 'UTF-8' encoding to copy filtered resources.
2020-07-23 13:52:08,592 [Worker-20: Building workspace] INFO  o.e.m.c.i.embedder.EclipseLogger - skip non existing resourceDirectory F:\work\workSpace\gitExercise\exercise\one\src\main\resources
2020-07-23 13:52:08,593 [Worker-20: Building workspace] INFO  o.e.m.c.i.embedder.EclipseLogger - Using 'UTF-8' encoding to copy filtered resources.
2020-07-23 13:52:08,593 [Worker-20: Building workspace] INFO  o.e.m.c.i.embedder.EclipseLogger - skip non existing resourceDirectory F:\work\workSpace\gitExercise\exercise\one\src\test\resources
2020-07-23 13:52:32,115 [Worker-2: Building workspace] INFO  o.e.m.c.i.l.LifecycleMappingFactory - Using org.eclipse.m2e.jdt.JarLifecycleMapping lifecycle mapping for MavenProject: com.wedcm:one:0.0.1-SNAPSHOT @ F:\work\workSpace\gitExercise\exercise\one\pom.xml.
2020-07-23 13:52:32,258 [Worker-2: Building workspace] INFO  o.e.m.c.i.embedder.EclipseLogger - Using 'UTF-8' encoding to copy filtered resources.
2020-07-23 13:52:32,258 [Worker-2: Building workspace] INFO  o.e.m.c.i.embedder.EclipseLogger - skip non existing resourceDirectory F:\work\workSpace\gitExercise\exercise\one\src\main\resources
2020-07-23 13:52:32,259 [Worker-2: Building workspace] INFO  o.e.m.c.i.embedder.EclipseLogger - Using 'UTF-8' encoding to copy filtered resources.
2020-07-23 13:52:32,259 [Worker-2: Building workspace] INFO  o.e.m.c.i.embedder.EclipseLogger - skip non existing resourceDirectory F:\work\workSpace\gitExercise\exercise\one\src\test\resources
2020-07-23 13:52:33,409 [Worker-7: Building workspace] INFO  o.e.m.c.i.embedder.EclipseLogger - Using 'UTF-8' encoding to copy filtered resources.
2020-07-23 13:52:33,409 [Worker-7: Building workspace] INFO  o.e.m.c.i.embedder.EclipseLogger - skip non existing resourceDirectory F:\work\workSpace\gitExercise\exercise\one\src\main\resources
2020-07-23 13:52:33,411 [Worker-7: Building workspace] INFO  o.e.m.c.i.embedder.EclipseLogger - Using 'UTF-8' encoding to copy filtered resources.
2020-07-23 13:52:33,411 [Worker-7: Building workspace] INFO  o.e.m.c.i.embedder.EclipseLogger - skip non existing resourceDirectory F:\work\workSpace\gitExercise\exercise\one\src\test\resources
2020-07-23 13:53:20,447 [Worker-22: Creating maven-archetype-quickstart] INFO  o.e.m.c.i.p.ProjectConfigurationManager - Collecting project info '/pom.xml' F:\work\workSpace\gitExercise\exercise\exercise.two\pom.xml
2020-07-23 13:53:20,633 [Worker-22: Creating maven-archetype-quickstart] INFO  o.e.m.c.i.l.LifecycleMappingFactory - Using org.eclipse.m2e.jdt.JarLifecycleMapping lifecycle mapping for MavenProject: com.wedcm:exercise.two:0.0.1-SNAPSHOT @ F:\work\workSpace\gitExercise\exercise\exercise.two\pom.xml.
2020-07-23 13:53:20,819 [Worker-22: Creating maven-archetype-quickstart] INFO  o.e.m.j.i.AbstractJavaProjectConfigurator - Adding source folder /exercise.two/src/main/java
2020-07-23 13:53:20,822 [Worker-22: Creating maven-archetype-quickstart] INFO  o.e.m.j.i.AbstractJavaProjectConfigurator - Adding source folder /exercise.two/src/test/java
2020-07-23 13:53:20,856 [Worker-22: Creating maven-archetype-quickstart] INFO  o.e.m.c.i.p.ProjectConfigurationManager - Imported and configured 1 project(s) in 0 sec
2020-07-23 13:53:21,055 [Worker-18: Building workspace] INFO  o.e.m.c.i.embedder.EclipseLogger - Using 'UTF-8' encoding to copy filtered resources.
2020-07-23 13:53:21,055 [Worker-18: Building workspace] INFO  o.e.m.c.i.embedder.EclipseLogger - skip non existing resourceDirectory F:\work\workSpace\gitExercise\exercise\exercise.two\src\main\resources
2020-07-23 13:53:21,057 [Worker-18: Building workspace] INFO  o.e.m.c.i.embedder.EclipseLogger - Using 'UTF-8' encoding to copy filtered resources.
2020-07-23 13:53:21,057 [Worker-18: Building workspace] INFO  o.e.m.c.i.embedder.EclipseLogger - skip non existing resourceDirectory F:\work\workSpace\gitExercise\exercise\exercise.two\src\test\resources
2020-07-23 13:53:22,106 [Worker-3: Building workspace] INFO  o.e.m.c.i.l.LifecycleMappingFactory - Using NULL lifecycle mapping for MavenProject: com.wedcm:exercise01:0.0.1-SNAPSHOT @ F:\work\workSpace\gitExercise\exercise\pom.xml.
2020-07-23 13:53:22,269 [Worker-3: Building workspace] INFO  o.e.m.c.i.l.LifecycleMappingFactory - Using org.eclipse.m2e.jdt.JarLifecycleMapping lifecycle mapping for MavenProject: com.wedcm:one:0.0.1-SNAPSHOT @ F:\work\workSpace\gitExercise\exercise\one\pom.xml.
2020-07-23 13:53:22,287 [Worker-3: Building workspace] INFO  o.e.m.c.i.l.LifecycleMappingFactory - Using org.eclipse.m2e.jdt.JarLifecycleMapping lifecycle mapping for MavenProject: com.wedcm:exercise.two:0.0.1-SNAPSHOT @ F:\work\workSpace\gitExercise\exercise\exercise.two\pom.xml.
2020-07-23 13:53:23,130 [Worker-3: Building workspace] INFO  o.e.m.c.i.embedder.EclipseLogger - Using 'UTF-8' encoding to copy filtered resources.
2020-07-23 13:53:23,130 [Worker-3: Building workspace] INFO  o.e.m.c.i.embedder.EclipseLogger - skip non existing resourceDirectory F:\work\workSpace\gitExercise\exercise\one\src\main\resources
2020-07-23 13:53:23,131 [Worker-3: Building workspace] INFO  o.e.m.c.i.embedder.EclipseLogger - Using 'UTF-8' encoding to copy filtered resources.
2020-07-23 13:53:23,132 [Worker-3: Building workspace] INFO  o.e.m.c.i.embedder.EclipseLogger - skip non existing resourceDirectory F:\work\workSpace\gitExercise\exercise\one\src\test\resources
2020-07-23 13:53:23,142 [Worker-3: Building workspace] INFO  o.e.m.c.i.embedder.EclipseLogger - Using 'UTF-8' encoding to copy filtered resources.
2020-07-23 13:53:23,142 [Worker-3: Building workspace] INFO  o.e.m.c.i.embedder.EclipseLogger - skip non existing resourceDirectory F:\work\workSpace\gitExercise\exercise\exercise.two\src\main\resources
2020-07-23 13:53:23,143 [Worker-3: Building workspace] INFO  o.e.m.c.i.embedder.EclipseLogger - Using 'UTF-8' encoding to copy filtered resources.
2020-07-23 13:53:23,143 [Worker-3: Building workspace] INFO  o.e.m.c.i.embedder.EclipseLogger - skip non existing resourceDirectory F:\work\workSpace\gitExercise\exercise\exercise.two\src\test\resources
2020-07-23 13:53:34,250 [Worker-10: Building workspace] INFO  o.e.m.c.i.l.LifecycleMappingFactory - Using NULL lifecycle mapping for MavenProject: com.wedcm:exercise:0.0.1-SNAPSHOT @ F:\work\workSpace\gitExercise\exercise\pom.xml.
2020-07-23 13:53:38,359 [Worker-20: reload maven project] ERROR o.e.m.c.i.p.r.ProjectRegistryManager - Failed to read Maven project: 2 problems were encountered while building the effective model for com.wedcm:one:0.0.1-SNAPSHOT
[WARNING] 'parent.relativePath' of POM com.wedcm:one:0.0.1-SNAPSHOT (F:\work\workSpace\gitExercise\exercise\one\pom.xml) points at com.wedcm:exercise instead of com.wedcm:exercise01, please verify your project structure @ line 5, column 11
[FATAL] Non-resolvable parent POM for com.wedcm:one:0.0.1-SNAPSHOT: Could not find artifact com.wedcm:exercise01:pom:0.0.1-SNAPSHOT and 'parent.relativePath' points at wrong local POM @ line 5, column 11
 for project com.wedcm:one:0.0.1-SNAPSHOT at F:\work\workSpace\gitExercise\exercise\one\pom.xml
org.apache.maven.project.ProjectBuildingException: 2 problems were encountered while building the effective model for com.wedcm:one:0.0.1-SNAPSHOT
[WARNING] 'parent.relativePath' of POM com.wedcm:one:0.0.1-SNAPSHOT (F:\work\workSpace\gitExercise\exercise\one\pom.xml) points at com.wedcm:exercise instead of com.wedcm:exercise01, please verify your project structure @ line 5, column 11
[FATAL] Non-resolvable parent POM for com.wedcm:one:0.0.1-SNAPSHOT: Could not find artifact com.wedcm:exercise01:pom:0.0.1-SNAPSHOT and 'parent.relativePath' points at wrong local POM @ line 5, column 11
 for project com.wedcm:one:0.0.1-SNAPSHOT at F:\work\workSpace\gitExercise\exercise\one\pom.xml
	at org.apache.maven.project.DefaultProjectBuilder.build(DefaultProjectBuilder.java:165) ~[maven-core-3.5.3.jar:3.5.3]
	at org.apache.maven.project.DefaultProjectBuilder.build(DefaultProjectBuilder.java:116) ~[maven-core-3.5.3.jar:3.5.3]
	at org.eclipse.m2e.core.internal.embedder.MavenImpl.readMavenProject(MavenImpl.java:628) ~[org.eclipse.m2e.core_1.10.0.20181127-2120.jar:na]
	at org.eclipse.m2e.core.internal.project.registry.ProjectRegistryManager.lambda$3(ProjectRegistryManager.java:808) ~[org.eclipse.m2e.core_1.10.0.20181127-2120.jar:na]
	at org.eclipse.m2e.core.internal.embedder.MavenExecutionContext.executeBare(MavenExecutionContext.java:177) ~[org.eclipse.m2e.core_1.10.0.20181127-2120.jar:na]
	at org.eclipse.m2e.core.internal.embedder.MavenExecutionContext.execute(MavenExecutionContext.java:151) ~[org.eclipse.m2e.core_1.10.0.20181127-2120.jar:na]
	at org.eclipse.m2e.core.internal.embedder.MavenExecutionContext.execute(MavenExecutionContext.java:99) ~[org.eclipse.m2e.core_1.10.0.20181127-2120.jar:na]
	at org.eclipse.m2e.core.internal.project.registry.ProjectRegistryManager.execute(ProjectRegistryManager.java:958) ~[org.eclipse.m2e.core_1.10.0.20181127-2120.jar:na]
	at org.eclipse.m2e.core.internal.project.registry.ProjectRegistryManager.readProjectWithDependencies(ProjectRegistryManager.java:805) ~[org.eclipse.m2e.core_1.10.0.20181127-2120.jar:na]
	at org.eclipse.m2e.core.internal.project.registry.ProjectRegistryManager.create(ProjectRegistryManager.java:192) ~[org.eclipse.m2e.core_1.10.0.20181127-2120.jar:na]
	at org.eclipse.m2e.core.internal.project.registry.MavenProjectManager.create(MavenProjectManager.java:80) [org.eclipse.m2e.core_1.10.0.20181127-2120.jar:na]
	at org.eclipse.m2e.core.ui.internal.actions.SelectionUtil.getMavenProject(SelectionUtil.java:259) [org.eclipse.m2e.core.ui_1.10.0.20181127-2120.jar:na]
	at org.eclipse.m2e.editor.pom.MavenPomEditor.readMavenProject(MavenPomEditor.java:740) [org.eclipse.m2e.editor_1.10.0.20181127-2120.jar:na]
	at org.eclipse.m2e.editor.pom.MavenPomEditor$5.run(MavenPomEditor.java:1074) [org.eclipse.m2e.editor_1.10.0.20181127-2120.jar:na]
	at org.eclipse.core.internal.jobs.Worker.run(Worker.java:63) [org.eclipse.core.jobs_3.10.200.v20180912-1356.jar:na]
Caused by: org.apache.maven.model.building.ModelBuildingException: 2 problems were encountered while building the effective model for com.wedcm:one:0.0.1-SNAPSHOT
[WARNING] 'parent.relativePath' of POM com.wedcm:one:0.0.1-SNAPSHOT (F:\work\workSpace\gitExercise\exercise\one\pom.xml) points at com.wedcm:exercise instead of com.wedcm:exercise01, please verify your project structure @ line 5, column 11
[FATAL] Non-resolvable parent POM for com.wedcm:one:0.0.1-SNAPSHOT: Could not find artifact com.wedcm:exercise01:pom:0.0.1-SNAPSHOT and 'parent.relativePath' points at wrong local POM @ line 5, column 11

	at org.apache.maven.model.building.DefaultModelProblemCollector.newModelBuildingException(DefaultModelProblemCollector.java:197) ~[maven-model-builder-3.5.3.jar:3.5.3]
	at org.apache.maven.model.building.DefaultModelBuilder.readParentExternally(DefaultModelBuilder.java:1082) ~[maven-model-builder-3.5.3.jar:3.5.3]
	at org.apache.maven.model.building.DefaultModelBuilder.readParent(DefaultModelBuilder.java:830) ~[maven-model-builder-3.5.3.jar:3.5.3]
	at org.apache.maven.model.building.DefaultModelBuilder.build(DefaultModelBuilder.java:332) ~[maven-model-builder-3.5.3.jar:3.5.3]
	at org.apache.maven.project.DefaultProjectBuilder.build(DefaultProjectBuilder.java:158) ~[maven-core-3.5.3.jar:3.5.3]
	... 14 common frames omitted
2020-07-23 13:53:42,867 [Worker-1: Building workspace] INFO  o.e.m.c.i.l.LifecycleMappingFactory - Using org.eclipse.m2e.jdt.JarLifecycleMapping lifecycle mapping for MavenProject: com.wedcm:one:0.0.1-SNAPSHOT @ F:\work\workSpace\gitExercise\exercise\one\pom.xml.
2020-07-23 13:53:43,771 [Worker-1: Building workspace] INFO  o.e.m.c.i.embedder.EclipseLogger - Using 'UTF-8' encoding to copy filtered resources.
2020-07-23 13:53:43,771 [Worker-1: Building workspace] INFO  o.e.m.c.i.embedder.EclipseLogger - skip non existing resourceDirectory F:\work\workSpace\gitExercise\exercise\one\src\main\resources
2020-07-23 13:53:43,772 [Worker-1: Building workspace] INFO  o.e.m.c.i.embedder.EclipseLogger - Using 'UTF-8' encoding to copy filtered resources.
2020-07-23 13:53:43,772 [Worker-1: Building workspace] INFO  o.e.m.c.i.embedder.EclipseLogger - skip non existing resourceDirectory F:\work\workSpace\gitExercise\exercise\one\src\test\resources
2020-07-23 13:53:44,906 [Worker-0: Building workspace] INFO  o.e.m.c.i.embedder.EclipseLogger - Using 'UTF-8' encoding to copy filtered resources.
2020-07-23 13:53:44,907 [Worker-0: Building workspace] INFO  o.e.m.c.i.embedder.EclipseLogger - skip non existing resourceDirectory F:\work\workSpace\gitExercise\exercise\one\src\main\resources
2020-07-23 13:53:44,908 [Worker-0: Building workspace] INFO  o.e.m.c.i.embedder.EclipseLogger - Using 'UTF-8' encoding to copy filtered resources.
2020-07-23 13:53:44,908 [Worker-0: Building workspace] INFO  o.e.m.c.i.embedder.EclipseLogger - skip non existing resourceDirectory F:\work\workSpace\gitExercise\exercise\one\src\test\resources
2020-07-23 13:53:47,756 [Worker-5: Building workspace] INFO  o.e.m.c.i.l.LifecycleMappingFactory - Using org.eclipse.m2e.jdt.JarLifecycleMapping lifecycle mapping for MavenProject: com.wedcm:one:0.0.1-SNAPSHOT @ F:\work\workSpace\gitExercise\exercise\one\pom.xml.
2020-07-23 13:53:47,812 [Worker-5: Building workspace] INFO  o.e.m.c.i.embedder.EclipseLogger - Using 'UTF-8' encoding to copy filtered resources.
2020-07-23 13:53:47,812 [Worker-5: Building workspace] INFO  o.e.m.c.i.embedder.EclipseLogger - skip non existing resourceDirectory F:\work\workSpace\gitExercise\exercise\one\src\main\resources
2020-07-23 13:53:47,813 [Worker-5: Building workspace] INFO  o.e.m.c.i.embedder.EclipseLogger - Using 'UTF-8' encoding to copy filtered resources.
2020-07-23 13:53:47,813 [Worker-5: Building workspace] INFO  o.e.m.c.i.embedder.EclipseLogger - skip non existing resourceDirectory F:\work\workSpace\gitExercise\exercise\one\src\test\resources
2020-07-23 13:53:51,620 [Worker-14: reload maven project] ERROR o.e.m.c.i.p.r.ProjectRegistryManager - Failed to read Maven project: 2 problems were encountered while building the effective model for com.wedcm:exercise.two:0.0.1-SNAPSHOT
[WARNING] 'parent.relativePath' of POM com.wedcm:exercise.two:0.0.1-SNAPSHOT (F:\work\workSpace\gitExercise\exercise\exercise.two\pom.xml) points at com.wedcm:exercise instead of com.wedcm:exercise01, please verify your project structure @ line 5, column 11
[FATAL] Non-resolvable parent POM for com.wedcm:exercise.two:0.0.1-SNAPSHOT: Could not find artifact com.wedcm:exercise01:pom:0.0.1-SNAPSHOT and 'parent.relativePath' points at wrong local POM @ line 5, column 11
 for project com.wedcm:exercise.two:0.0.1-SNAPSHOT at F:\work\workSpace\gitExercise\exercise\exercise.two\pom.xml
org.apache.maven.project.ProjectBuildingException: 2 problems were encountered while building the effective model for com.wedcm:exercise.two:0.0.1-SNAPSHOT
[WARNING] 'parent.relativePath' of POM com.wedcm:exercise.two:0.0.1-SNAPSHOT (F:\work\workSpace\gitExercise\exercise\exercise.two\pom.xml) points at com.wedcm:exercise instead of com.wedcm:exercise01, please verify your project structure @ line 5, column 11
[FATAL] Non-resolvable parent POM for com.wedcm:exercise.two:0.0.1-SNAPSHOT: Could not find artifact com.wedcm:exercise01:pom:0.0.1-SNAPSHOT and 'parent.relativePath' points at wrong local POM @ line 5, column 11
 for project com.wedcm:exercise.two:0.0.1-SNAPSHOT at F:\work\workSpace\gitExercise\exercise\exercise.two\pom.xml
	at org.apache.maven.project.DefaultProjectBuilder.build(DefaultProjectBuilder.java:165) ~[maven-core-3.5.3.jar:3.5.3]
	at org.apache.maven.project.DefaultProjectBuilder.build(DefaultProjectBuilder.java:116) ~[maven-core-3.5.3.jar:3.5.3]
	at org.eclipse.m2e.core.internal.embedder.MavenImpl.readMavenProject(MavenImpl.java:628) ~[org.eclipse.m2e.core_1.10.0.20181127-2120.jar:na]
	at org.eclipse.m2e.core.internal.project.registry.ProjectRegistryManager.lambda$3(ProjectRegistryManager.java:808) ~[org.eclipse.m2e.core_1.10.0.20181127-2120.jar:na]
	at org.eclipse.m2e.core.internal.embedder.MavenExecutionContext.executeBare(MavenExecutionContext.java:177) ~[org.eclipse.m2e.core_1.10.0.20181127-2120.jar:na]
	at org.eclipse.m2e.core.internal.embedder.MavenExecutionContext.execute(MavenExecutionContext.java:151) ~[org.eclipse.m2e.core_1.10.0.20181127-2120.jar:na]
	at org.eclipse.m2e.core.internal.embedder.MavenExecutionContext.execute(MavenExecutionContext.java:99) ~[org.eclipse.m2e.core_1.10.0.20181127-2120.jar:na]
	at org.eclipse.m2e.core.internal.project.registry.ProjectRegistryManager.execute(ProjectRegistryManager.java:958) ~[org.eclipse.m2e.core_1.10.0.20181127-2120.jar:na]
	at org.eclipse.m2e.core.internal.project.registry.ProjectRegistryManager.readProjectWithDependencies(ProjectRegistryManager.java:805) ~[org.eclipse.m2e.core_1.10.0.20181127-2120.jar:na]
	at org.eclipse.m2e.core.internal.project.registry.ProjectRegistryManager.create(ProjectRegistryManager.java:192) ~[org.eclipse.m2e.core_1.10.0.20181127-2120.jar:na]
	at org.eclipse.m2e.core.internal.project.registry.MavenProjectManager.create(MavenProjectManager.java:80) [org.eclipse.m2e.core_1.10.0.20181127-2120.jar:na]
	at org.eclipse.m2e.core.ui.internal.actions.SelectionUtil.getMavenProject(SelectionUtil.java:259) [org.eclipse.m2e.core.ui_1.10.0.20181127-2120.jar:na]
	at org.eclipse.m2e.editor.pom.MavenPomEditor.readMavenProject(MavenPomEditor.java:740) [org.eclipse.m2e.editor_1.10.0.20181127-2120.jar:na]
	at org.eclipse.m2e.editor.pom.MavenPomEditor$5.run(MavenPomEditor.java:1074) [org.eclipse.m2e.editor_1.10.0.20181127-2120.jar:na]
	at org.eclipse.core.internal.jobs.Worker.run(Worker.java:63) [org.eclipse.core.jobs_3.10.200.v20180912-1356.jar:na]
Caused by: org.apache.maven.model.building.ModelBuildingException: 2 problems were encountered while building the effective model for com.wedcm:exercise.two:0.0.1-SNAPSHOT
[WARNING] 'parent.relativePath' of POM com.wedcm:exercise.two:0.0.1-SNAPSHOT (F:\work\workSpace\gitExercise\exercise\exercise.two\pom.xml) points at com.wedcm:exercise instead of com.wedcm:exercise01, please verify your project structure @ line 5, column 11
[FATAL] Non-resolvable parent POM for com.wedcm:exercise.two:0.0.1-SNAPSHOT: Could not find artifact com.wedcm:exercise01:pom:0.0.1-SNAPSHOT and 'parent.relativePath' points at wrong local POM @ line 5, column 11

	at org.apache.maven.model.building.DefaultModelProblemCollector.newModelBuildingException(DefaultModelProblemCollector.java:197) ~[maven-model-builder-3.5.3.jar:3.5.3]
	at org.apache.maven.model.building.DefaultModelBuilder.readParentExternally(DefaultModelBuilder.java:1082) ~[maven-model-builder-3.5.3.jar:3.5.3]
	at org.apache.maven.model.building.DefaultModelBuilder.readParent(DefaultModelBuilder.java:830) ~[maven-model-builder-3.5.3.jar:3.5.3]
	at org.apache.maven.model.building.DefaultModelBuilder.build(DefaultModelBuilder.java:332) ~[maven-model-builder-3.5.3.jar:3.5.3]
	at org.apache.maven.project.DefaultProjectBuilder.build(DefaultProjectBuilder.java:158) ~[maven-core-3.5.3.jar:3.5.3]
	... 14 common frames omitted
2020-07-23 13:53:57,638 [Worker-2: Building workspace] INFO  o.e.m.c.i.l.LifecycleMappingFactory - Using org.eclipse.m2e.jdt.JarLifecycleMapping lifecycle mapping for MavenProject: com.wedcm:exercise.two:0.0.1-SNAPSHOT @ F:\work\workSpace\gitExercise\exercise\exercise.two\pom.xml.
2020-07-23 13:53:58,326 [Worker-2: Building workspace] INFO  o.e.m.c.i.embedder.EclipseLogger - Using 'UTF-8' encoding to copy filtered resources.
2020-07-23 13:53:58,326 [Worker-2: Building workspace] INFO  o.e.m.c.i.embedder.EclipseLogger - skip non existing resourceDirectory F:\work\workSpace\gitExercise\exercise\exercise.two\src\main\resources
2020-07-23 13:53:58,327 [Worker-2: Building workspace] INFO  o.e.m.c.i.embedder.EclipseLogger - Using 'UTF-8' encoding to copy filtered resources.
2020-07-23 13:53:58,327 [Worker-2: Building workspace] INFO  o.e.m.c.i.embedder.EclipseLogger - skip non existing resourceDirectory F:\work\workSpace\gitExercise\exercise\exercise.two\src\test\resources
2020-07-23 13:53:59,464 [Worker-16: Building workspace] INFO  o.e.m.c.i.embedder.EclipseLogger - Using 'UTF-8' encoding to copy filtered resources.
2020-07-23 13:53:59,464 [Worker-16: Building workspace] INFO  o.e.m.c.i.embedder.EclipseLogger - skip non existing resourceDirectory F:\work\workSpace\gitExercise\exercise\exercise.two\src\main\resources
2020-07-23 13:53:59,465 [Worker-16: Building workspace] INFO  o.e.m.c.i.embedder.EclipseLogger - Using 'UTF-8' encoding to copy filtered resources.
2020-07-23 13:53:59,465 [Worker-16: Building workspace] INFO  o.e.m.c.i.embedder.EclipseLogger - skip non existing resourceDirectory F:\work\workSpace\gitExercise\exercise\exercise.two\src\test\resources
2020-07-23 13:54:08,799 [Worker-22: Building workspace] INFO  o.e.m.c.i.l.LifecycleMappingFactory - Using org.eclipse.m2e.jdt.JarLifecycleMapping lifecycle mapping for MavenProject: com.wedcm:exercise.one:0.0.1-SNAPSHOT @ F:\work\workSpace\gitExercise\exercise\one\pom.xml.
2020-07-23 13:54:09,314 [Worker-22: Building workspace] INFO  o.e.m.c.i.embedder.EclipseLogger - Using 'UTF-8' encoding to copy filtered resources.
2020-07-23 13:54:09,314 [Worker-22: Building workspace] INFO  o.e.m.c.i.embedder.EclipseLogger - skip non existing resourceDirectory F:\work\workSpace\gitExercise\exercise\one\src\main\resources
2020-07-23 13:54:09,315 [Worker-22: Building workspace] INFO  o.e.m.c.i.embedder.EclipseLogger - Using 'UTF-8' encoding to copy filtered resources.
2020-07-23 13:54:09,315 [Worker-22: Building workspace] INFO  o.e.m.c.i.embedder.EclipseLogger - skip non existing resourceDirectory F:\work\workSpace\gitExercise\exercise\one\src\test\resources
2020-07-23 13:54:13,438 [Worker-22: Building workspace] INFO  o.e.m.c.i.l.LifecycleMappingFactory - Using NULL lifecycle mapping for MavenProject: com.wedcm:exercise:0.0.1-SNAPSHOT @ F:\work\workSpace\gitExercise\exercise\pom.xml.
2020-07-23 13:54:13,592 [Worker-22: Building workspace] INFO  o.e.m.c.i.l.LifecycleMappingFactory - Using org.eclipse.m2e.jdt.JarLifecycleMapping lifecycle mapping for MavenProject: com.wedcm:exercise.two:0.0.1-SNAPSHOT @ F:\work\workSpace\gitExercise\exercise\exercise.two\pom.xml.
2020-07-23 13:54:13,610 [Worker-22: Building workspace] INFO  o.e.m.c.i.l.LifecycleMappingFactory - Using org.eclipse.m2e.jdt.JarLifecycleMapping lifecycle mapping for MavenProject: com.wedcm:exercise.one:0.0.1-SNAPSHOT @ F:\work\workSpace\gitExercise\exercise\one\pom.xml.
2020-07-23 13:54:14,058 [Worker-22: Building workspace] INFO  o.e.m.c.i.embedder.EclipseLogger - Using 'UTF-8' encoding to copy filtered resources.
2020-07-23 13:54:14,058 [Worker-22: Building workspace] INFO  o.e.m.c.i.embedder.EclipseLogger - skip non existing resourceDirectory F:\work\workSpace\gitExercise\exercise\one\src\main\resources
2020-07-23 13:54:14,059 [Worker-22: Building workspace] INFO  o.e.m.c.i.embedder.EclipseLogger - Using 'UTF-8' encoding to copy filtered resources.
2020-07-23 13:54:14,059 [Worker-22: Building workspace] INFO  o.e.m.c.i.embedder.EclipseLogger - skip non existing resourceDirectory F:\work\workSpace\gitExercise\exercise\one\src\test\resources
2020-07-23 13:54:14,066 [Worker-22: Building workspace] INFO  o.e.m.c.i.embedder.EclipseLogger - Using 'UTF-8' encoding to copy filtered resources.
2020-07-23 13:54:14,066 [Worker-22: Building workspace] INFO  o.e.m.c.i.embedder.EclipseLogger - skip non existing resourceDirectory F:\work\workSpace\gitExercise\exercise\exercise.two\src\main\resources
2020-07-23 13:54:14,066 [Worker-22: Building workspace] INFO  o.e.m.c.i.embedder.EclipseLogger - Using 'UTF-8' encoding to copy filtered resources.
2020-07-23 13:54:14,066 [Worker-22: Building workspace] INFO  o.e.m.c.i.embedder.EclipseLogger - skip non existing resourceDirectory F:\work\workSpace\gitExercise\exercise\exercise.two\src\test\resources
2020-07-23 13:54:20,901 [Worker-13: Updating Maven Project] INFO  o.e.m.c.i.p.ProjectConfigurationManager - Update started
2020-07-23 13:54:20,935 [Worker-13: Updating Maven Project] INFO  o.e.m.c.i.l.LifecycleMappingFactory - Using NULL lifecycle mapping for MavenProject: com.wedcm:exercise:0.0.1-SNAPSHOT @ F:\work\workSpace\gitExercise\exercise\pom.xml.
2020-07-23 13:54:21,112 [Worker-13: Updating Maven Project] INFO  o.e.m.c.i.l.LifecycleMappingFactory - Using org.eclipse.m2e.jdt.JarLifecycleMapping lifecycle mapping for MavenProject: com.wedcm:exercise.one:0.0.1-SNAPSHOT @ F:\work\workSpace\gitExercise\exercise\one\pom.xml.
2020-07-23 13:54:21,130 [Worker-13: Updating Maven Project] INFO  o.e.m.c.i.l.LifecycleMappingFactory - Using org.eclipse.m2e.jdt.JarLifecycleMapping lifecycle mapping for MavenProject: com.wedcm:exercise.two:0.0.1-SNAPSHOT @ F:\work\workSpace\gitExercise\exercise\exercise.two\pom.xml.
2020-07-23 13:54:21,233 [Worker-13: Updating Maven Project] INFO  o.e.m.j.i.AbstractJavaProjectConfigurator - Adding source folder /exercise.one/src/main/java
2020-07-23 13:54:21,234 [Worker-13: Updating Maven Project] INFO  o.e.m.j.i.AbstractJavaProjectConfigurator - Adding source folder /exercise.one/src/test/java
2020-07-23 13:54:21,260 [Worker-13: Updating Maven Project] INFO  o.e.m.j.i.AbstractJavaProjectConfigurator - Adding source folder /exercise.two/src/main/java
2020-07-23 13:54:21,261 [Worker-13: Updating Maven Project] INFO  o.e.m.j.i.AbstractJavaProjectConfigurator - Adding source folder /exercise.two/src/test/java
2020-07-23 13:54:21,348 [Worker-13: Updating Maven Project] INFO  o.e.m.c.i.p.ProjectConfigurationManager - Update completed: 0 sec
2020-07-23 13:54:21,518 [Worker-15: Building workspace] INFO  o.e.m.c.i.embedder.EclipseLogger - Using 'UTF-8' encoding to copy filtered resources.
2020-07-23 13:54:21,519 [Worker-15: Building workspace] INFO  o.e.m.c.i.embedder.EclipseLogger - skip non existing resourceDirectory F:\work\workSpace\gitExercise\exercise\one\src\main\resources
2020-07-23 13:54:21,520 [Worker-15: Building workspace] INFO  o.e.m.c.i.embedder.EclipseLogger - Using 'UTF-8' encoding to copy filtered resources.
2020-07-23 13:54:21,520 [Worker-15: Building workspace] INFO  o.e.m.c.i.embedder.EclipseLogger - skip non existing resourceDirectory F:\work\workSpace\gitExercise\exercise\one\src\test\resources
2020-07-23 13:54:21,729 [Worker-15: Building workspace] INFO  o.e.m.c.i.embedder.EclipseLogger - Using 'UTF-8' encoding to copy filtered resources.
2020-07-23 13:54:21,729 [Worker-15: Building workspace] INFO  o.e.m.c.i.embedder.EclipseLogger - skip non existing resourceDirectory F:\work\workSpace\gitExercise\exercise\exercise.two\src\main\resources
2020-07-23 13:54:21,730 [Worker-15: Building workspace] INFO  o.e.m.c.i.embedder.EclipseLogger - Using 'UTF-8' encoding to copy filtered resources.
2020-07-23 13:54:21,730 [Worker-15: Building workspace] INFO  o.e.m.c.i.embedder.EclipseLogger - skip non existing resourceDirectory F:\work\workSpace\gitExercise\exercise\exercise.two\src\test\resources
2020-07-23 14:01:46,437 [Worker-24: Updating Maven Project] INFO  o.e.m.c.i.p.ProjectConfigurationManager - Update started
2020-07-23 14:01:46,471 [Worker-24: Updating Maven Project] INFO  o.e.m.c.i.l.LifecycleMappingFactory - Using NULL lifecycle mapping for MavenProject: com.wedcm:exercise:0.0.1-SNAPSHOT @ F:\work\workSpace\gitExercise\exercise\pom.xml.
2020-07-23 14:01:46,640 [Worker-24: Updating Maven Project] INFO  o.e.m.c.i.l.LifecycleMappingFactory - Using org.eclipse.m2e.jdt.JarLifecycleMapping lifecycle mapping for MavenProject: com.wedcm:exercise.one:0.0.1-SNAPSHOT @ F:\work\workSpace\gitExercise\exercise\one\pom.xml.
2020-07-23 14:01:46,656 [Worker-24: Updating Maven Project] INFO  o.e.m.c.i.l.LifecycleMappingFactory - Using org.eclipse.m2e.jdt.JarLifecycleMapping lifecycle mapping for MavenProject: com.wedcm:exercise.two:0.0.1-SNAPSHOT @ F:\work\workSpace\gitExercise\exercise\exercise.two\pom.xml.
2020-07-23 14:01:46,756 [Worker-24: Updating Maven Project] INFO  o.e.m.j.i.AbstractJavaProjectConfigurator - Adding source folder /exercise.one/src/main/java
2020-07-23 14:01:46,757 [Worker-24: Updating Maven Project] INFO  o.e.m.j.i.AbstractJavaProjectConfigurator - Adding source folder /exercise.one/src/test/java
2020-07-23 14:01:46,784 [Worker-24: Updating Maven Project] INFO  o.e.m.j.i.AbstractJavaProjectConfigurator - Adding source folder /exercise.two/src/main/java
2020-07-23 14:01:46,784 [Worker-24: Updating Maven Project] INFO  o.e.m.j.i.AbstractJavaProjectConfigurator - Adding source folder /exercise.two/src/test/java
2020-07-23 14:01:46,908 [Worker-24: Updating Maven Project] INFO  o.e.m.c.i.p.ProjectConfigurationManager - Update completed: 0 sec
2020-07-23 14:01:47,079 [Worker-26: Building workspace] INFO  o.e.m.c.i.embedder.EclipseLogger - Using 'UTF-8' encoding to copy filtered resources.
2020-07-23 14:01:47,079 [Worker-26: Building workspace] INFO  o.e.m.c.i.embedder.EclipseLogger - skip non existing resourceDirectory F:\work\workSpace\gitExercise\exercise\one\src\main\resources
2020-07-23 14:01:47,080 [Worker-26: Building workspace] INFO  o.e.m.c.i.embedder.EclipseLogger - Using 'UTF-8' encoding to copy filtered resources.
2020-07-23 14:01:47,080 [Worker-26: Building workspace] INFO  o.e.m.c.i.embedder.EclipseLogger - skip non existing resourceDirectory F:\work\workSpace\gitExercise\exercise\one\src\test\resources
2020-07-23 14:01:47,224 [Worker-26: Building workspace] INFO  o.e.m.c.i.embedder.EclipseLogger - Using 'UTF-8' encoding to copy filtered resources.
2020-07-23 14:01:47,224 [Worker-26: Building workspace] INFO  o.e.m.c.i.embedder.EclipseLogger - skip non existing resourceDirectory F:\work\workSpace\gitExercise\exercise\exercise.two\src\main\resources
2020-07-23 14:01:47,225 [Worker-26: Building workspace] INFO  o.e.m.c.i.embedder.EclipseLogger - Using 'UTF-8' encoding to copy filtered resources.
2020-07-23 14:01:47,225 [Worker-26: Building workspace] INFO  o.e.m.c.i.embedder.EclipseLogger - skip non existing resourceDirectory F:\work\workSpace\gitExercise\exercise\exercise.two\src\test\resources
2020-07-23 14:03:46,957 [Worker-27: Importing Maven projects] INFO  o.e.m.c.i.l.LifecycleMappingFactory - Using org.eclipse.m2e.jdt.JarLifecycleMapping lifecycle mapping for MavenProject: com.wedcm:exercise.one:0.0.1-SNAPSHOT @ F:\work\workSpace\gitExercise\exercise\exercise.one\pom.xml.
2020-07-23 14:03:47,338 [Worker-27: Importing Maven projects] INFO  o.e.m.j.i.AbstractJavaProjectConfigurator - Adding source folder /exercise.one/src/main/java
2020-07-23 14:03:47,339 [Worker-27: Importing Maven projects] INFO  o.e.m.j.i.AbstractJavaProjectConfigurator - Adding source folder /exercise.one/src/test/java
2020-07-23 14:03:47,360 [Worker-27: Importing Maven projects] INFO  o.e.m.c.i.p.ProjectConfigurationManager - Imported and configured 1 project(s) in 0 sec
2020-07-23 14:03:47,871 [Worker-25: Building workspace] INFO  o.e.m.c.i.embedder.EclipseLogger - Using 'UTF-8' encoding to copy filtered resources.
2020-07-23 14:03:47,871 [Worker-25: Building workspace] INFO  o.e.m.c.i.embedder.EclipseLogger - skip non existing resourceDirectory F:\work\workSpace\gitExercise\exercise\exercise.one\src\main\resources
2020-07-23 14:03:47,871 [Worker-25: Building workspace] INFO  o.e.m.c.i.embedder.EclipseLogger - Using 'UTF-8' encoding to copy filtered resources.
2020-07-23 14:03:47,872 [Worker-25: Building workspace] INFO  o.e.m.c.i.embedder.EclipseLogger - skip non existing resourceDirectory F:\work\workSpace\gitExercise\exercise\exercise.one\src\test\resources
